#
# There is insufficient memory for the Java Runtime Environment to continue.
# Native memory allocation (malloc) failed to allocate 1048576 bytes for AllocateHeap
# Possible reasons:
#   The system is out of physical RAM or swap space
#   In 32 bit mode, the process size limit was hit
# Possible solutions:
#   Reduce memory load on the system
#   Increase physical memory or swap space
#   Check if swap backing store is full
#   Use 64 bit Java on a 64 bit OS
#   Decrease Java heap size (-Xmx/-Xms)
#   Decrease number of Java threads
#   Decrease Java thread stack sizes (-Xss)
#   Set larger code cache with -XX:ReservedCodeCacheSize=
# This output file may be truncated or incomplete.
#
#  Out of Memory Error (memory/allocation.inline.hpp:61), pid=8224, tid=0x0000000000001858
#
# JRE version:  (8.0_131-b11) (build )
# Java VM: Java HotSpot(TM) 64-Bit Server VM (25.131-b11 mixed mode windows-amd64 compressed oops)
# Failed to write core dump. Minidumps are not enabled by default on client versions of Windows
#

---------------  T H R E A D  ---------------

Current thread (0x000000000067e000):  JavaThread "Unknown thread" [_thread_in_vm, id=6232, stack(0x0000000002220000,0x0000000002320000)]

Stack: [0x0000000002220000,0x0000000002320000]
[error occurred during error reporting (printing stack bounds), id 0xc0000005]

Native frames: (J=compiled Java code, j=interpreted, Vv=VM code, C=native code)


---------------  P R O C E S S  ---------------

Java Threads: ( => current thread )

Other Threads:

=>0x000000000067e000 (exited) JavaThread "Unknown thread" [_thread_in_vm, id=6232, stack(0x0000000002220000,0x0000000002320000)]

VM state:not at safepoint (normal execution)

VM Mutex/Monitor currently owned by a thread: None

Heap:
 PSYoungGen      total 38400K, used 665K [0x00000000d5d00000, 0x00000000d8780000, 0x0000000100000000)
  eden space 33280K, 2% used [0x00000000d5d00000,0x00000000d5da6670,0x00000000d7d80000)
  from space 5120K, 0% used [0x00000000d8280000,0x00000000d8280000,0x00000000d8780000)
  to   space 5120K, 0% used [0x00000000d7d80000,0x00000000d7d80000,0x00000000d8280000)
 ParOldGen       total 87552K, used 0K [0x0000000081600000, 0x0000000086b80000, 0x00000000d5d00000)
  object space 87552K, 0% used [0x0000000081600000,0x0000000081600000,0x0000000086b80000)
 Metaspace       used 770K, capacity 4480K, committed 4480K, reserved 1056768K
  class space    used 75K, capacity 384K, committed 384K, reserved 1048576K

Card table byte_map: [0x0000000011810000,0x0000000011c10000] byte_map_base: 0x0000000011405000

Marking Bits: (ParMarkBitMap*) 0x000000007258c720
 Begin Bits: [0x00000000122c0000, 0x0000000014268000)
 End Bits:   [0x0000000014268000, 0x0000000016210000)

Polling page: 0x0000000002320000

CodeCache: size=245760Kb used=328Kb max_used=328Kb free=245431Kb
 bounds [0x0000000002450000, 0x00000000026c0000, 0x0000000011450000]
 total_blobs=58 nmethods=0 adapters=38
 compilation: enabled

Compilation events (0 events):
No events

GC Heap History (0 events):
No events

Deoptimization events (0 events):
No events

Internal exceptions (0 events):
No events

Events (10 events):
Event: 0.030 loading class java/lang/Short
Event: 0.030 loading class java/lang/Short done
Event: 0.030 loading class java/lang/Integer
Event: 0.030 loading class java/lang/Integer done
Event: 0.030 loading class java/lang/Long
Event: 0.031 loading class java/lang/Long done
Event: 0.032 loading class java/lang/NullPointerException
Event: 0.032 loading class java/lang/NullPointerException done
Event: 0.032 loading class java/lang/ArithmeticException
Event: 0.032 loading class java/lang/ArithmeticException done


Dynamic libraries:
0x00007ff7a8d00000 - 0x00007ff7a8d37000 	C:\Program Files\Java\jdk1.8.0_131\bin\java.exe
0x00007ffa3eb60000 - 0x00007ffa3ed22000 	C:\Windows\SYSTEM32\ntdll.dll
0x00007ffa3d9a0000 - 0x00007ffa3da4d000 	C:\Windows\system32\KERNEL32.DLL
0x00007ffa3c040000 - 0x00007ffa3c21d000 	C:\Windows\system32\KERNELBASE.dll
0x00007ffa3e7c0000 - 0x00007ffa3e866000 	C:\Windows\system32\ADVAPI32.dll
0x00007ffa3c220000 - 0x00007ffa3c2bd000 	C:\Windows\system32\msvcrt.dll
0x00007ffa3dec0000 - 0x00007ffa3df1b000 	C:\Windows\system32\sechost.dll
0x00007ffa3c330000 - 0x00007ffa3c456000 	C:\Windows\system32\RPCRT4.dll
0x00007ffa3da50000 - 0x00007ffa3db9e000 	C:\Windows\system32\USER32.dll
0x00007ffa3df90000 - 0x00007ffa3e113000 	C:\Windows\system32\GDI32.dll
0x00007ffa354f0000 - 0x00007ffa35764000 	C:\Windows\WinSxS\amd64_microsoft.windows.common-controls_6595b64144ccf1df_6.0.10240.17184_none_f41d7a705752bce6\COMCTL32.dll
0x00007ffa3e6d0000 - 0x00007ffa3e706000 	C:\Windows\system32\IMM32.DLL
0x00007ffa3dbb0000 - 0x00007ffa3dd0c000 	C:\Windows\system32\MSCTF.dll
0x0000000072610000 - 0x00000000726e2000 	C:\Program Files\Java\jdk1.8.0_131\jre\bin\msvcr100.dll
0x0000000071d70000 - 0x000000007260c000 	C:\Program Files\Java\jdk1.8.0_131\jre\bin\server\jvm.dll
0x00007ffa3e870000 - 0x00007ffa3e878000 	C:\Windows\system32\PSAPI.DLL
0x00007ffa31bb0000 - 0x00007ffa31bb9000 	C:\Windows\SYSTEM32\WSOCK32.dll
0x00007ffa394e0000 - 0x00007ffa39503000 	C:\Windows\SYSTEM32\WINMM.dll
0x00007ffa32050000 - 0x00007ffa3205a000 	C:\Windows\SYSTEM32\VERSION.dll
0x00007ffa3df20000 - 0x00007ffa3df89000 	C:\Windows\system32\WS2_32.dll
0x00007ffa3d990000 - 0x00007ffa3d998000 	C:\Windows\system32\NSI.dll
0x00007ffa394b0000 - 0x00007ffa394dc000 	C:\Windows\SYSTEM32\WINMMBASE.dll
0x00007ffa3bd60000 - 0x00007ffa3bda4000 	C:\Windows\system32\cfgmgr32.dll
0x00007ffa39f00000 - 0x00007ffa39f27000 	C:\Windows\SYSTEM32\DEVOBJ.dll
0x0000000071d60000 - 0x0000000071d6f000 	C:\Program Files\Java\jdk1.8.0_131\jre\bin\verify.dll
0x0000000071d30000 - 0x0000000071d59000 	C:\Program Files\Java\jdk1.8.0_131\jre\bin\java.dll
0x0000000071d10000 - 0x0000000071d26000 	C:\Program Files\Java\jdk1.8.0_131\jre\bin\zip.dll

VM Arguments:
jvm_args: -Dorg.gradle.appname=gradlew 
java_command: org.gradle.wrapper.GradleWrapperMain cdvBuildDebug -b C:\ionicapps\primapesa\platforms\android\build.gradle -Dorg.gradle.daemon=true -Dorg.gradle.jvmargs=-Xmx2048m -Pandroid.useDeprecatedNdk=true
java_class_path (initial): C:\ionicapps\primapesa\platforms\android\\gradle\wrapper\gradle-wrapper.jar
Launcher Type: SUN_STANDARD

Environment Variables:
JAVA_HOME=C:\Program Files\Java\jdk1.8.0_131
CLASSPATH=C:\ionicapps\primapesa\platforms\android\\gradle\wrapper\gradle-wrapper.jar
PATH=C:\ProgramData\Oracle\Java\javapath;C:\Windows\system32;C:\Windows;C:\Windows\System32\Wbem;C:\Windows\System32\WindowsPowerShell\v1.0\;C:\Program Files\Git\cmd;C:\xampp2\php;C:\ProgramData\ComposerSetup\bin;C:\Program Files\Java\jdk1.8.0_131\bin;C:\Python27;C:\Program Files\PuTTY\;C:\Users\Terrence\AppData\Local\Android\Sdk\platform-tools\;C:\Program Files\ngrok\;C:\Program Files\wkhtmltopdf\bin\;C:\Program Files\nodejs\;C:\Users\Terrence\AppData\Local\Android\Sdk\;C:\Program Files (x86)\GnuWin32\bin\;C:\Users\Terrence\AppData\Roaming\Composer\vendor\bin;C:\Users\Terrence\AppData\Roaming\npm;C:\Users\Terrence\AppData\Local\Android\Sdk;C:\Users\Terrence\AppData\Local\Android\Sdk\tools;C:\Users\Terrence\AppData\Local\Android\Sdk\tools\bin
USERNAME=Terrence
OS=Windows_NT
PROCESSOR_IDENTIFIER=Intel64 Family 6 Model 69 Stepping 1, GenuineIntel



---------------  S Y S T E M  ---------------

OS: Windows 10.0 , 64 bit Build 10240 (10.0.10240.17113)

CPU:total 4 (initial active 4) (2 cores per cpu, 2 threads per core) family 6 model 69 stepping 1, cmov, cx8, fxsr, mmx, sse, sse2, sse3, ssse3, sse4.1, sse4.2, popcnt, avx, avx2, aes, clmul, erms, lzcnt, ht, tsc, tscinvbit, bmi1, bmi2

Memory: 4k page, physical 8291636k(2059196k free), swap 9928476k(5168k free)

vm_info: Java HotSpot(TM) 64-Bit Server VM (25.131-b11) for windows-amd64 JRE (1.8.0_131-b11), built on Mar 15 2017 01:23:53 by "java_re" with MS VC++ 10.0 (VS2010)

time: Wed Nov 08 15:43:49 2017
elapsed time: 0 seconds (0d 0h 0m 0s)

