#
# There is insufficient memory for the Java Runtime Environment to continue.
# Native memory allocation (malloc) failed to allocate 1048576 bytes for AllocateHeap
# Possible reasons:
#   The system is out of physical RAM or swap space
#   In 32 bit mode, the process size limit was hit
# Possible solutions:
#   Reduce memory load on the system
#   Increase physical memory or swap space
#   Check if swap backing store is full
#   Use 64 bit Java on a 64 bit OS
#   Decrease Java heap size (-Xmx/-Xms)
#   Decrease number of Java threads
#   Decrease Java thread stack sizes (-Xss)
#   Set larger code cache with -XX:ReservedCodeCacheSize=
# This output file may be truncated or incomplete.
#
#  Out of Memory Error (memory/allocation.inline.hpp:61), pid=8892, tid=0x00000000000022cc
#
# JRE version:  (8.0_131-b11) (build )
# Java VM: Java HotSpot(TM) 64-Bit Server VM (25.131-b11 mixed mode windows-amd64 compressed oops)
# Failed to write core dump. Minidumps are not enabled by default on client versions of Windows
#

---------------  T H R E A D  ---------------

Current thread (0x0000000000b1e000):  JavaThread "Unknown thread" [_thread_in_vm, id=8908, stack(0x00000000023d0000,0x00000000024d0000)]

Stack: [0x00000000023d0000,0x00000000024d0000]
[error occurred during error reporting (printing stack bounds), id 0xc0000005]

Native frames: (J=compiled Java code, j=interpreted, Vv=VM code, C=native code)


---------------  P R O C E S S  ---------------

Java Threads: ( => current thread )

Other Threads:

=>0x0000000000b1e000 (exited) JavaThread "Unknown thread" [_thread_in_vm, id=8908, stack(0x00000000023d0000,0x00000000024d0000)]

VM state:not at safepoint (normal execution)

VM Mutex/Monitor currently owned by a thread: None

Heap:
 PSYoungGen      total 38400K, used 665K [0x00000000d5d00000, 0x00000000d8780000, 0x0000000100000000)
  eden space 33280K, 2% used [0x00000000d5d00000,0x00000000d5da6670,0x00000000d7d80000)
  from space 5120K, 0% used [0x00000000d8280000,0x00000000d8280000,0x00000000d8780000)
  to   space 5120K, 0% used [0x00000000d7d80000,0x00000000d7d80000,0x00000000d8280000)
 ParOldGen       total 87552K, used 0K [0x0000000081600000, 0x0000000086b80000, 0x00000000d5d00000)
  object space 87552K, 0% used [0x0000000081600000,0x0000000081600000,0x0000000086b80000)
 Metaspace       used 770K, capacity 4480K, committed 4480K, reserved 1056768K
  class space    used 75K, capacity 384K, committed 384K, reserved 1048576K

Card table byte_map: [0x0000000011990000,0x0000000011d90000] byte_map_base: 0x0000000011585000

Marking Bits: (ParMarkBitMap*) 0x000000006424c720
 Begin Bits: [0x0000000012440000, 0x00000000143e8000)
 End Bits:   [0x00000000143e8000, 0x0000000016390000)

Polling page: 0x0000000000ad0000

CodeCache: size=245760Kb used=328Kb max_used=328Kb free=245431Kb
 bounds [0x00000000025d0000, 0x0000000002840000, 0x00000000115d0000]
 total_blobs=58 nmethods=0 adapters=38
 compilation: enabled

Compilation events (0 events):
No events

GC Heap History (0 events):
No events

Deoptimization events (0 events):
No events

Internal exceptions (0 events):
No events

Events (10 events):
Event: 0.023 loading class java/lang/Short
Event: 0.024 loading class java/lang/Short done
Event: 0.024 loading class java/lang/Integer
Event: 0.024 loading class java/lang/Integer done
Event: 0.024 loading class java/lang/Long
Event: 0.024 loading class java/lang/Long done
Event: 0.025 loading class java/lang/NullPointerException
Event: 0.025 loading class java/lang/NullPointerException done
Event: 0.025 loading class java/lang/ArithmeticException
Event: 0.025 loading class java/lang/ArithmeticException done


Dynamic libraries:
0x00007ff6035a0000 - 0x00007ff6035d7000 	C:\Program Files\Java\jdk1.8.0_131\bin\java.exe
0x00007ffe4e0d0000 - 0x00007ffe4e292000 	C:\Windows\SYSTEM32\ntdll.dll
0x00007ffe4de50000 - 0x00007ffe4defd000 	C:\Windows\system32\KERNEL32.DLL
0x00007ffe4b5b0000 - 0x00007ffe4b78d000 	C:\Windows\system32\KERNELBASE.dll
0x00007ffe4ba50000 - 0x00007ffe4baf6000 	C:\Windows\system32\ADVAPI32.dll
0x00007ffe4df00000 - 0x00007ffe4df9d000 	C:\Windows\system32\msvcrt.dll
0x00007ffe4d160000 - 0x00007ffe4d1bb000 	C:\Windows\system32\sechost.dll
0x00007ffe4dfa0000 - 0x00007ffe4e0c6000 	C:\Windows\system32\RPCRT4.dll
0x00007ffe4d6a0000 - 0x00007ffe4d7ee000 	C:\Windows\system32\USER32.dll
0x00007ffe4dc50000 - 0x00007ffe4ddd3000 	C:\Windows\system32\GDI32.dll
0x00007ffe44a60000 - 0x00007ffe44cd4000 	C:\Windows\WinSxS\amd64_microsoft.windows.common-controls_6595b64144ccf1df_6.0.10240.17184_none_f41d7a705752bce6\COMCTL32.dll
0x00007ffe4d1d0000 - 0x00007ffe4d206000 	C:\Windows\system32\IMM32.DLL
0x00007ffe4d320000 - 0x00007ffe4d47c000 	C:\Windows\system32\MSCTF.dll
0x00000000642d0000 - 0x00000000643a2000 	C:\Program Files\Java\jdk1.8.0_131\jre\bin\msvcr100.dll
0x0000000063a30000 - 0x00000000642cc000 	C:\Program Files\Java\jdk1.8.0_131\jre\bin\server\jvm.dll
0x00007ffe4d7f0000 - 0x00007ffe4d7f8000 	C:\Windows\system32\PSAPI.DLL
0x00007ffe408e0000 - 0x00007ffe408e9000 	C:\Windows\SYSTEM32\WSOCK32.dll
0x00007ffe4d480000 - 0x00007ffe4d4e9000 	C:\Windows\system32\WS2_32.dll
0x00007ffe4d1c0000 - 0x00007ffe4d1c8000 	C:\Windows\system32\NSI.dll
0x00007ffe49040000 - 0x00007ffe49063000 	C:\Windows\SYSTEM32\WINMM.dll
0x00007ffe41440000 - 0x00007ffe4144a000 	C:\Windows\SYSTEM32\VERSION.dll
0x0000000000ae0000 - 0x0000000000b0c000 	C:\Windows\SYSTEM32\WINMMBASE.dll
0x00007ffe4b440000 - 0x00007ffe4b484000 	C:\Windows\system32\cfgmgr32.dll
0x00007ffe49470000 - 0x00007ffe49497000 	C:\Windows\SYSTEM32\DEVOBJ.dll
0x0000000063a20000 - 0x0000000063a2f000 	C:\Program Files\Java\jdk1.8.0_131\jre\bin\verify.dll
0x00000000639f0000 - 0x0000000063a19000 	C:\Program Files\Java\jdk1.8.0_131\jre\bin\java.dll
0x00000000639d0000 - 0x00000000639e6000 	C:\Program Files\Java\jdk1.8.0_131\jre\bin\zip.dll

VM Arguments:
jvm_args: -Dorg.gradle.appname=gradlew 
java_command: org.gradle.wrapper.GradleWrapperMain cdvBuildDebug -b C:\ionicapps\primapesa\platforms\android\build.gradle -Dorg.gradle.daemon=true -Dorg.gradle.jvmargs=-Xmx2048m -Pandroid.useDeprecatedNdk=true
java_class_path (initial): C:\ionicapps\primapesa\platforms\android\\gradle\wrapper\gradle-wrapper.jar
Launcher Type: SUN_STANDARD

Environment Variables:
JAVA_HOME=C:\Program Files\Java\jdk1.8.0_131
CLASSPATH=C:\ionicapps\primapesa\platforms\android\\gradle\wrapper\gradle-wrapper.jar
PATH=C:\ProgramData\Oracle\Java\javapath;C:\Windows\system32;C:\Windows;C:\Windows\System32\Wbem;C:\Windows\System32\WindowsPowerShell\v1.0\;C:\Program Files\Git\cmd;C:\xampp2\php;C:\ProgramData\ComposerSetup\bin;C:\Program Files\Java\jdk1.8.0_131\bin;C:\Python27;C:\Program Files\PuTTY\;C:\Users\Terrence\AppData\Local\Android\Sdk\platform-tools\;C:\Program Files\ngrok\;C:\Program Files\wkhtmltopdf\bin\;C:\Program Files\nodejs\;C:\Users\Terrence\AppData\Local\Android\Sdk\;C:\Program Files (x86)\GnuWin32\bin\;C:\Users\Terrence\AppData\Roaming\Composer\vendor\bin;C:\Users\Terrence\AppData\Roaming\npm;C:\Users\Terrence\AppData\Local\Android\Sdk;C:\Users\Terrence\AppData\Local\Android\Sdk\tools;C:\Users\Terrence\AppData\Local\Android\Sdk\tools\bin
USERNAME=Terrence
OS=Windows_NT
PROCESSOR_IDENTIFIER=Intel64 Family 6 Model 69 Stepping 1, GenuineIntel



---------------  S Y S T E M  ---------------

OS: Windows 10.0 , 64 bit Build 10240 (10.0.10240.17113)

CPU:total 4 (initial active 4) (2 cores per cpu, 2 threads per core) family 6 model 69 stepping 1, cmov, cx8, fxsr, mmx, sse, sse2, sse3, ssse3, sse4.1, sse4.2, popcnt, avx, avx2, aes, clmul, erms, lzcnt, ht, tsc, tscinvbit, bmi1, bmi2

Memory: 4k page, physical 8291636k(1922400k free), swap 10040456k(5816k free)

vm_info: Java HotSpot(TM) 64-Bit Server VM (25.131-b11) for windows-amd64 JRE (1.8.0_131-b11), built on Mar 15 2017 01:23:53 by "java_re" with MS VC++ 10.0 (VS2010)

time: Mon Nov 06 14:23:42 2017
elapsed time: 0 seconds (0d 0h 0m 0s)

